============================================================
Time  2024/04/24 10:13:47 029 
============================================================
[2024/04/24 10:13:47 030] lgi        684  SYS_MSG_LOAD  
[2024/04/24 10:13:47 031] lgi        706  SYS_MSG_REGCB  msp_status_cb  func(940139a0) 
[2024/04/24 10:13:47 032] lgi        298  LGI_MSG_INIT  
[2024/04/24 10:13:47 032] lgi        305  lgi  lgi_  268436457  1573451739  
[2024/04/24 10:13:47 032] lgi        347  work_dir  .  
[2024/04/24 10:13:47 032] lgi        403  token:  nil  
[2024/04/24 10:13:47 032] lgi        476  msc cver : 5.0.44.1288  
[2024/04/24 10:13:47 043] lgi        519  ns_enable=  1  
[2024/04/24 10:13:47 043] lgi        531  prot_ver=1  
[2024/04/24 10:13:47 043] lgi        542  prot_type=tcp  
[2024/04/24 10:13:47 044] lgi        693  SYS_MSG_UNLOAD  go bg!  
[2024/04/24 10:15:04 219] lgi        697  SYS_MSG_SHUTDOWN  
============================================================
Time  2024/04/24 16:45:02 080 
============================================================
[2024/04/24 16:45:02 085] lgi        644  SYS_MSG_LOAD  
[2024/04/24 16:45:02 154] lgi        666  SYS_MSG_REGCB  msp_status_cb  func(6c0532c0) 
[2024/04/24 16:45:02 191] lgi        292  LGI_MSG_INIT  
[2024/04/24 16:45:02 200] lgi        299  lgi  lgi_  268436457  1643073987  
[2024/04/24 16:45:02 215] lgi        332  lgi params:  appid = f6760c2e, work_dir = .  
[2024/04/24 16:45:02 230] lgi        346  auth_time_str=  2024/04/24 16:45:01  
[2024/04/24 16:45:02 238] lgi        352  auth_appid=  f6760c2e  
[2024/04/24 16:45:02 256] lgi        363  token:  nil  
[2024/04/24 16:45:02 270] lgi        436  msc cver : 5.0.38.1195  
[2024/04/24 16:45:02 299] lgi        479  ns_enable=  1  
[2024/04/24 16:45:02 321] lgi        491  prot_ver=1  
[2024/04/24 16:45:02 337] lgi        502  prot_type=tcp  
[2024/04/24 16:45:02 437] lgi        653  SYS_MSG_UNLOAD  go bg!  
[2024/04/24 16:45:16 039] lgi        657  SYS_MSG_SHUTDOWN  
============================================================
Time  2024/04/24 16:47:29 501 
============================================================
[2024/04/24 16:47:29 504] lgi        644  SYS_MSG_LOAD  
[2024/04/24 16:47:29 624] lgi        666  SYS_MSG_REGCB  msp_status_cb  func(7c05e150) 
[2024/04/24 16:47:29 723] lgi        292  LGI_MSG_INIT  
[2024/04/24 16:47:29 742] lgi        299  lgi  lgi_  268436457  1643073987  
[2024/04/24 16:47:29 768] lgi        332  lgi params:  appid = f6760c2e, work_dir = .  
[2024/04/24 16:47:29 785] lgi        346  auth_time_str=  2024/04/24 16:47:29  
[2024/04/24 16:47:29 806] lgi        352  auth_appid=  f6760c2e  
[2024/04/24 16:47:29 825] lgi        363  token:  nil  
[2024/04/24 16:47:29 838] lgi        436  msc cver : 5.0.38.1195  
[2024/04/24 16:47:29 853] lgi        479  ns_enable=  1  
[2024/04/24 16:47:29 862] lgi        491  prot_ver=1  
[2024/04/24 16:47:29 871] lgi        502  prot_type=tcp  
[2024/04/24 16:47:29 913] lgi        653  SYS_MSG_UNLOAD  go bg!  
[2024/04/24 16:47:42 770] lgi        657  SYS_MSG_SHUTDOWN  
============================================================
Time  2024/04/24 16:48:45 159 
============================================================
[2024/04/24 16:48:45 162] lgi        644  SYS_MSG_LOAD  
[2024/04/24 16:48:45 287] lgi        666  SYS_MSG_REGCB  msp_status_cb  func(5c013890) 
[2024/04/24 16:48:45 327] lgi        292  LGI_MSG_INIT  
[2024/04/24 16:48:45 336] lgi        299  lgi  lgi_  268436457  1643073987  
[2024/04/24 16:48:45 364] lgi        332  lgi params:  appid = f6760c2e, work_dir = .  
[2024/04/24 16:48:45 376] lgi        346  auth_time_str=  2024/04/24 16:48:44  
[2024/04/24 16:48:45 394] lgi        352  auth_appid=  f6760c2e  
[2024/04/24 16:48:45 410] lgi        363  token:  nil  
[2024/04/24 16:48:45 429] lgi        436  msc cver : 5.0.38.1195  
[2024/04/24 16:48:45 446] lgi        479  ns_enable=  1  
[2024/04/24 16:48:45 465] lgi        491  prot_ver=1  
[2024/04/24 16:48:45 477] lgi        502  prot_type=tcp  
[2024/04/24 16:48:45 531] lgi        653  SYS_MSG_UNLOAD  go bg!  
[2024/04/24 16:48:58 511] lgi        657  SYS_MSG_SHUTDOWN  
============================================================
Time  2024/04/24 16:56:28 168 
============================================================
[2024/04/24 16:56:28 171] lgi        644  SYS_MSG_LOAD  
[2024/04/24 16:56:28 243] lgi        666  SYS_MSG_REGCB  msp_status_cb  func(8c0532c0) 
[2024/04/24 16:56:28 321] lgi        292  LGI_MSG_INIT  
[2024/04/24 16:56:28 329] lgi        299  lgi  lgi_  268436457  1643073987  
[2024/04/24 16:56:28 348] lgi        332  lgi params:  appid = f6760c2e, work_dir = .  
[2024/04/24 16:56:28 357] lgi        346  auth_time_str=  2024/04/24 16:56:27  
[2024/04/24 16:56:28 367] lgi        352  auth_appid=  f6760c2e  
[2024/04/24 16:56:28 382] lgi        363  token:  nil  
[2024/04/24 16:56:28 391] lgi        436  msc cver : 5.0.38.1195  
[2024/04/24 16:56:28 405] lgi        479  ns_enable=  1  
[2024/04/24 16:56:28 412] lgi        491  prot_ver=1  
[2024/04/24 16:56:28 424] lgi        502  prot_type=tcp  
[2024/04/24 16:56:28 459] lgi        653  SYS_MSG_UNLOAD  go bg!  
[2024/04/24 16:56:43 215] lgi        657  SYS_MSG_SHUTDOWN  
============================================================
Time  2024/04/24 16:56:56 011 
============================================================
[2024/04/24 16:56:56 014] lgi        644  SYS_MSG_LOAD  
[2024/04/24 16:56:56 080] lgi        666  SYS_MSG_REGCB  msp_status_cb  func(a0004db0) 
[2024/04/24 16:56:56 136] lgi        292  LGI_MSG_INIT  
[2024/04/24 16:56:56 155] lgi        299  lgi  lgi_  268436457  1643073987  
[2024/04/24 16:56:56 181] lgi        332  lgi params:  appid = f6760c2e, work_dir = .  
[2024/04/24 16:56:56 195] lgi        346  auth_time_str=  2024/04/24 16:56:55  
[2024/04/24 16:56:56 211] lgi        352  auth_appid=  f6760c2e  
[2024/04/24 16:56:56 233] lgi        363  token:  nil  
[2024/04/24 16:56:56 252] lgi        436  msc cver : 5.0.38.1195  
[2024/04/24 16:56:56 272] lgi        479  ns_enable=  1  
[2024/04/24 16:56:56 288] lgi        491  prot_ver=1  
[2024/04/24 16:56:56 301] lgi        502  prot_type=tcp  
[2024/04/24 16:56:56 342] lgi        653  SYS_MSG_UNLOAD  go bg!  
[2024/04/24 16:57:09 048] lgi        657  SYS_MSG_SHUTDOWN  
============================================================
Time  2024/04/24 17:05:59 735 
============================================================
[2024/04/24 17:05:59 738] lgi        644  SYS_MSG_LOAD  
[2024/04/24 17:05:59 806] lgi        666  SYS_MSG_REGCB  msp_status_cb  func(84013890) 
[2024/04/24 17:05:59 871] lgi        292  LGI_MSG_INIT  
[2024/04/24 17:05:59 890] lgi        299  lgi  lgi_  268436457  1643073987  
[2024/04/24 17:05:59 915] lgi        332  lgi params:  appid = f6760c2e, work_dir = .  
[2024/04/24 17:05:59 926] lgi        346  auth_time_str=  2024/04/24 17:05:59  
[2024/04/24 17:05:59 935] lgi        352  auth_appid=  f6760c2e  
[2024/04/24 17:05:59 945] lgi        363  token:  nil  
[2024/04/24 17:05:59 956] lgi        436  msc cver : 5.0.38.1195  
[2024/04/24 17:05:59 968] lgi        479  ns_enable=  1  
[2024/04/24 17:05:59 986] lgi        491  prot_ver=1  
[2024/04/24 17:06:00 001] lgi        502  prot_type=tcp  
[2024/04/24 17:06:00 054] lgi        653  SYS_MSG_UNLOAD  go bg!  
[2024/04/24 17:06:12 569] lgi        657  SYS_MSG_SHUTDOWN  
============================================================
Time  2024/04/24 17:12:33 711 
============================================================
[2024/04/24 17:12:33 714] lgi        644  SYS_MSG_LOAD  
[2024/04/24 17:12:33 777] lgi        666  SYS_MSG_REGCB  msp_status_cb  func(580532c0) 
[2024/04/24 17:12:33 822] lgi        292  LGI_MSG_INIT  
[2024/04/24 17:12:33 838] lgi        299  lgi  lgi_  268436457  1643073987  
[2024/04/24 17:12:33 863] lgi        332  lgi params:  appid = f6760c2e, work_dir = .  
[2024/04/24 17:12:33 880] lgi        346  auth_time_str=  2024/04/24 17:12:33  
[2024/04/24 17:12:33 888] lgi        352  auth_appid=  f6760c2e  
[2024/04/24 17:12:33 896] lgi        363  token:  nil  
[2024/04/24 17:12:33 904] lgi        436  msc cver : 5.0.38.1195  
[2024/04/24 17:12:33 916] lgi        479  ns_enable=  1  
[2024/04/24 17:12:33 928] lgi        491  prot_ver=1  
[2024/04/24 17:12:33 937] lgi        502  prot_type=tcp  
[2024/04/24 17:12:34 030] lgi        653  SYS_MSG_UNLOAD  go bg!  
[2024/04/24 17:12:47 047] lgi        657  SYS_MSG_SHUTDOWN  
============================================================
Time  2024/04/24 17:13:15 760 
============================================================
[2024/04/24 17:13:15 763] lgi        644  SYS_MSG_LOAD  
[2024/04/24 17:13:15 837] lgi        666  SYS_MSG_REGCB  msp_status_cb  func(90013890) 
[2024/04/24 17:13:15 883] lgi        292  LGI_MSG_INIT  
[2024/04/24 17:13:15 894] lgi        299  lgi  lgi_  268436457  1643073987  
[2024/04/24 17:13:15 917] lgi        332  lgi params:  appid = f6760c2e, work_dir = .  
[2024/04/24 17:13:15 938] lgi        346  auth_time_str=  2024/04/24 17:13:15  
[2024/04/24 17:13:15 957] lgi        352  auth_appid=  f6760c2e  
[2024/04/24 17:13:15 967] lgi        363  token:  nil  
[2024/04/24 17:13:15 978] lgi        436  msc cver : 5.0.38.1195  
[2024/04/24 17:13:15 992] lgi        479  ns_enable=  1  
[2024/04/24 17:13:16 001] lgi        491  prot_ver=1  
[2024/04/24 17:13:16 009] lgi        502  prot_type=tcp  
[2024/04/24 17:13:16 047] lgi        653  SYS_MSG_UNLOAD  go bg!  
[2024/04/24 17:13:28 913] lgi        657  SYS_MSG_SHUTDOWN  
============================================================
Time  2024/04/24 17:14:55 917 
============================================================
[2024/04/24 17:14:55 920] lgi        644  SYS_MSG_LOAD  
[2024/04/24 17:14:56 005] lgi        666  SYS_MSG_REGCB  msp_status_cb  func(540532c0) 
[2024/04/24 17:14:56 059] lgi        292  LGI_MSG_INIT  
[2024/04/24 17:14:56 079] lgi        299  lgi  lgi_  268436457  1643073987  
[2024/04/24 17:14:56 106] lgi        332  lgi params:  appid = f6760c2e, work_dir = .  
[2024/04/24 17:14:56 122] lgi        346  auth_time_str=  2024/04/24 17:14:55  
[2024/04/24 17:14:56 137] lgi        352  auth_appid=  f6760c2e  
[2024/04/24 17:14:56 151] lgi        363  token:  nil  
[2024/04/24 17:14:56 165] lgi        436  msc cver : 5.0.38.1195  
[2024/04/24 17:14:56 180] lgi        479  ns_enable=  1  
[2024/04/24 17:14:56 195] lgi        491  prot_ver=1  
[2024/04/24 17:14:56 216] lgi        502  prot_type=tcp  
[2024/04/24 17:14:56 254] lgi        653  SYS_MSG_UNLOAD  go bg!  
[2024/04/24 17:15:09 882] lgi        657  SYS_MSG_SHUTDOWN  
============================================================
Time  2024/04/24 17:17:33 520 
============================================================
[2024/04/24 17:17:33 523] lgi        644  SYS_MSG_LOAD  
[2024/04/24 17:17:33 589] lgi        666  SYS_MSG_REGCB  msp_status_cb  func(740532c0) 
[2024/04/24 17:17:33 630] lgi        292  LGI_MSG_INIT  
[2024/04/24 17:17:33 640] lgi        299  lgi  lgi_  268436457  1643073987  
[2024/04/24 17:17:33 659] lgi        332  lgi params:  appid = f6760c2e, work_dir = .  
[2024/04/24 17:17:33 668] lgi        346  auth_time_str=  2024/04/24 17:17:33  
[2024/04/24 17:17:33 678] lgi        352  auth_appid=  f6760c2e  
[2024/04/24 17:17:33 687] lgi        363  token:  nil  
[2024/04/24 17:17:33 697] lgi        436  msc cver : 5.0.38.1195  
[2024/04/24 17:17:33 711] lgi        479  ns_enable=  1  
[2024/04/24 17:17:33 726] lgi        491  prot_ver=1  
[2024/04/24 17:17:33 743] lgi        502  prot_type=tcp  
[2024/04/24 17:17:33 824] lgi        653  SYS_MSG_UNLOAD  go bg!  
[2024/04/24 17:17:46 236] lgi        657  SYS_MSG_SHUTDOWN  
============================================================
Time  2024/04/24 17:39:26 527 
============================================================
[2024/04/24 17:39:26 530] lgi        644  SYS_MSG_LOAD  
[2024/04/24 17:39:26 601] lgi        666  SYS_MSG_REGCB  msp_status_cb  func(940532c0) 
[2024/04/24 17:39:26 645] lgi        292  LGI_MSG_INIT  
[2024/04/24 17:39:26 654] lgi        299  lgi  lgi_  268436457  1643073987  
[2024/04/24 17:39:26 710] lgi        332  lgi params:  appid = f6760c2e, work_dir = .  
[2024/04/24 17:39:26 719] lgi        346  auth_time_str=  2024/04/24 17:39:26  
[2024/04/24 17:39:26 728] lgi        352  auth_appid=  f6760c2e  
[2024/04/24 17:39:26 737] lgi        363  token:  nil  
[2024/04/24 17:39:26 746] lgi        436  msc cver : 5.0.38.1195  
[2024/04/24 17:39:26 758] lgi        479  ns_enable=  1  
[2024/04/24 17:39:26 765] lgi        491  prot_ver=1  
[2024/04/24 17:39:26 779] lgi        502  prot_type=tcp  
[2024/04/24 17:39:26 827] lgi        653  SYS_MSG_UNLOAD  go bg!  
[2024/04/24 17:39:45 617] lgi        657  SYS_MSG_SHUTDOWN  
============================================================
Time  2024/04/24 17:41:52 726 
============================================================
[2024/04/24 17:41:52 729] lgi        644  SYS_MSG_LOAD  
[2024/04/24 17:41:52 820] lgi        666  SYS_MSG_REGCB  msp_status_cb  func(780532c0) 
[2024/04/24 17:41:52 884] lgi        292  LGI_MSG_INIT  
[2024/04/24 17:41:52 895] lgi        299  lgi  lgi_  268436457  1643073987  
[2024/04/24 17:41:52 911] lgi        332  lgi params:  appid = f6760c2e, work_dir = .  
[2024/04/24 17:41:52 919] lgi        346  auth_time_str=  2024/04/24 17:41:52  
[2024/04/24 17:41:52 932] lgi        352  auth_appid=  f6760c2e  
[2024/04/24 17:41:52 940] lgi        363  token:  nil  
[2024/04/24 17:41:52 952] lgi        436  msc cver : 5.0.38.1195  
[2024/04/24 17:41:52 970] lgi        479  ns_enable=  1  
[2024/04/24 17:41:52 979] lgi        491  prot_ver=1  
[2024/04/24 17:41:52 987] lgi        502  prot_type=tcp  
[2024/04/24 17:41:53 049] lgi        653  SYS_MSG_UNLOAD  go bg!  
[2024/04/24 17:42:12 233] lgi        657  SYS_MSG_SHUTDOWN  
============================================================
Time  2024/04/24 17:44:51 056 
============================================================
[2024/04/24 17:44:51 059] lgi        644  SYS_MSG_LOAD  
[2024/04/24 17:44:51 124] lgi        666  SYS_MSG_REGCB  msp_status_cb  func(7c013890) 
[2024/04/24 17:44:51 161] lgi        292  LGI_MSG_INIT  
[2024/04/24 17:44:51 178] lgi        299  lgi  lgi_  268436457  1643073987  
[2024/04/24 17:44:51 196] lgi        332  lgi params:  appid = f6760c2e, work_dir = .  
[2024/04/24 17:44:51 223] lgi        346  auth_time_str=  2024/04/24 17:44:50  
[2024/04/24 17:44:51 237] lgi        352  auth_appid=  f6760c2e  
[2024/04/24 17:44:51 253] lgi        363  token:  nil  
[2024/04/24 17:44:51 273] lgi        436  msc cver : 5.0.38.1195  
[2024/04/24 17:44:51 284] lgi        479  ns_enable=  1  
[2024/04/24 17:44:51 303] lgi        491  prot_ver=1  
[2024/04/24 17:44:51 316] lgi        502  prot_type=tcp  
[2024/04/24 17:44:51 371] lgi        653  SYS_MSG_UNLOAD  go bg!  
[2024/04/24 17:45:13 417] lgi        657  SYS_MSG_SHUTDOWN  
============================================================
Time  2024/04/24 17:45:30 756 
============================================================
[2024/04/24 17:45:30 759] lgi        644  SYS_MSG_LOAD  
[2024/04/24 17:45:30 832] lgi        666  SYS_MSG_REGCB  msp_status_cb  func(90058390) 
[2024/04/24 17:45:30 889] lgi        292  LGI_MSG_INIT  
[2024/04/24 17:45:30 903] lgi        299  lgi  lgi_  268436457  1643073987  
[2024/04/24 17:45:30 925] lgi        332  lgi params:  appid = f6760c2e, work_dir = .  
[2024/04/24 17:45:30 935] lgi        346  auth_time_str=  2024/04/24 17:45:30  
[2024/04/24 17:45:30 945] lgi        352  auth_appid=  f6760c2e  
[2024/04/24 17:45:30 957] lgi        363  token:  nil  
[2024/04/24 17:45:30 966] lgi        436  msc cver : 5.0.38.1195  
[2024/04/24 17:45:30 979] lgi        479  ns_enable=  1  
[2024/04/24 17:45:30 989] lgi        491  prot_ver=1  
[2024/04/24 17:45:31 000] lgi        502  prot_type=tcp  
[2024/04/24 17:45:31 037] lgi        653  SYS_MSG_UNLOAD  go bg!  
[2024/04/24 17:45:50 156] lgi        657  SYS_MSG_SHUTDOWN  
============================================================
Time  2024/04/24 17:55:55 020 
============================================================
[2024/04/24 17:55:55 023] lgi        644  SYS_MSG_LOAD  
[2024/04/24 17:55:55 091] lgi        666  SYS_MSG_REGCB  msp_status_cb  func(58053190) 
[2024/04/24 17:55:55 124] lgi        292  LGI_MSG_INIT  
[2024/04/24 17:55:55 132] lgi        299  lgi  lgi_  268436457  1643073987  
[2024/04/24 17:55:55 152] lgi        332  lgi params:  appid = f6760c2e, work_dir = .  
[2024/04/24 17:55:55 160] lgi        346  auth_time_str=  2024/04/24 17:55:54  
[2024/04/24 17:55:55 176] lgi        352  auth_appid=  f6760c2e  
[2024/04/24 17:55:55 185] lgi        363  token:  nil  
[2024/04/24 17:55:55 199] lgi        436  msc cver : 5.0.38.1195  
[2024/04/24 17:55:55 219] lgi        479  ns_enable=  1  
[2024/04/24 17:55:55 232] lgi        491  prot_ver=1  
[2024/04/24 17:55:55 240] lgi        502  prot_type=tcp  
[2024/04/24 17:55:55 293] lgi        653  SYS_MSG_UNLOAD  go bg!  
[2024/04/24 17:56:02 896] lgi        657  SYS_MSG_SHUTDOWN  
============================================================
Time  2024/04/24 17:57:46 072 
============================================================
[2024/04/24 17:57:46 076] lgi        644  SYS_MSG_LOAD  
[2024/04/24 17:57:46 135] lgi        666  SYS_MSG_REGCB  msp_status_cb  func(840532c0) 
[2024/04/24 17:57:46 217] lgi        292  LGI_MSG_INIT  
[2024/04/24 17:57:46 237] lgi        299  lgi  lgi_  268436457  1643073987  
[2024/04/24 17:57:46 268] lgi        332  lgi params:  appid = f6760c2e, work_dir = .  
[2024/04/24 17:57:46 276] lgi        346  auth_time_str=  2024/04/24 17:57:45  
[2024/04/24 17:57:46 295] lgi        352  auth_appid=  f6760c2e  
[2024/04/24 17:57:46 303] lgi        363  token:  nil  
[2024/04/24 17:57:46 317] lgi        436  msc cver : 5.0.38.1195  
[2024/04/24 17:57:46 334] lgi        479  ns_enable=  1  
[2024/04/24 17:57:46 342] lgi        491  prot_ver=1  
[2024/04/24 17:57:46 350] lgi        502  prot_type=tcp  
[2024/04/24 17:57:46 394] lgi        653  SYS_MSG_UNLOAD  go bg!  
[2024/04/24 17:57:54 323] lgi        657  SYS_MSG_SHUTDOWN  
============================================================
Time  2024/04/24 17:58:38 492 
============================================================
[2024/04/24 17:58:38 495] lgi        644  SYS_MSG_LOAD  
[2024/04/24 17:58:38 561] lgi        666  SYS_MSG_REGCB  msp_status_cb  func(580532c0) 
[2024/04/24 17:58:38 602] lgi        292  LGI_MSG_INIT  
[2024/04/24 17:58:38 616] lgi        299  lgi  lgi_  268436457  1643073987  
[2024/04/24 17:58:38 640] lgi        332  lgi params:  appid = f6760c2e, work_dir = .  
[2024/04/24 17:58:38 659] lgi        346  auth_time_str=  2024/04/24 17:58:38  
[2024/04/24 17:58:38 672] lgi        352  auth_appid=  f6760c2e  
[2024/04/24 17:58:38 685] lgi        363  token:  nil  
[2024/04/24 17:58:38 699] lgi        436  msc cver : 5.0.38.1195  
[2024/04/24 17:58:38 710] lgi        479  ns_enable=  1  
[2024/04/24 17:58:38 725] lgi        491  prot_ver=1  
[2024/04/24 17:58:38 734] lgi        502  prot_type=tcp  
[2024/04/24 17:58:38 770] lgi        653  SYS_MSG_UNLOAD  go bg!  
[2024/04/24 17:58:58 937] lgi        657  SYS_MSG_SHUTDOWN  
============================================================
Time  2024/04/24 18:04:44 592 
============================================================
[2024/04/24 18:04:44 596] lgi        644  SYS_MSG_LOAD  
[2024/04/24 18:04:44 654] lgi        666  SYS_MSG_REGCB  msp_status_cb  func(6c033840) 
[2024/04/24 18:04:44 710] lgi        292  LGI_MSG_INIT  
[2024/04/24 18:04:44 725] lgi        299  lgi  lgi_  268436457  1643073987  
[2024/04/24 18:04:44 757] lgi        332  lgi params:  appid = f6760c2e, work_dir = .  
[2024/04/24 18:04:44 773] lgi        346  auth_time_str=  2024/04/24 18:04:44  
[2024/04/24 18:04:44 783] lgi        352  auth_appid=  f6760c2e  
[2024/04/24 18:04:44 794] lgi        363  token:  nil  
[2024/04/24 18:04:44 803] lgi        436  msc cver : 5.0.38.1195  
[2024/04/24 18:04:44 817] lgi        479  ns_enable=  1  
[2024/04/24 18:04:44 827] lgi        491  prot_ver=1  
[2024/04/24 18:04:44 836] lgi        502  prot_type=tcp  
[2024/04/24 18:04:44 882] lgi        653  SYS_MSG_UNLOAD  go bg!  
[2024/04/24 18:05:13 946] lgi        657  SYS_MSG_SHUTDOWN  
============================================================
Time  2024/04/25 09:23:14 916 
============================================================
[2024/04/25 09:23:14 921] lgi        644  SYS_MSG_LOAD  
[2024/04/25 09:23:15 036] lgi        666  SYS_MSG_REGCB  msp_status_cb  func(6c013890) 
[2024/04/25 09:23:15 111] lgi        292  LGI_MSG_INIT  
[2024/04/25 09:23:15 129] lgi        299  lgi  lgi_  268436457  1643073987  
[2024/04/25 09:23:15 149] lgi        332  lgi params:  appid = f6760c2e, work_dir = .  
[2024/04/25 09:23:15 160] lgi        346  auth_time_str=  2024/04/25 09:23:14  
[2024/04/25 09:23:15 168] lgi        352  auth_appid=  f6760c2e  
[2024/04/25 09:23:15 178] lgi        363  token:  nil  
[2024/04/25 09:23:15 189] lgi        436  msc cver : 5.0.38.1195  
[2024/04/25 09:23:15 206] lgi        479  ns_enable=  1  
[2024/04/25 09:23:15 219] lgi        491  prot_ver=1  
[2024/04/25 09:23:15 239] lgi        502  prot_type=tcp  
[2024/04/25 09:23:15 329] lgi        653  SYS_MSG_UNLOAD  go bg!  
[2024/04/25 09:23:38 447] lgi        657  SYS_MSG_SHUTDOWN  
============================================================
Time  2024/04/25 09:24:05 434 
============================================================
[2024/04/25 09:24:05 437] lgi        644  SYS_MSG_LOAD  
[2024/04/25 09:24:05 511] lgi        666  SYS_MSG_REGCB  msp_status_cb  func(7802cb00) 
[2024/04/25 09:24:05 578] lgi        292  LGI_MSG_INIT  
[2024/04/25 09:24:05 600] lgi        299  lgi  lgi_  268436457  1643073987  
[2024/04/25 09:24:05 642] lgi        332  lgi params:  appid = f6760c2e, work_dir = .  
[2024/04/25 09:24:05 653] lgi        346  auth_time_str=  2024/04/25 09:24:05  
[2024/04/25 09:24:05 672] lgi        352  auth_appid=  f6760c2e  
[2024/04/25 09:24:05 686] lgi        363  token:  nil  
[2024/04/25 09:24:05 708] lgi        436  msc cver : 5.0.38.1195  
[2024/04/25 09:24:05 729] lgi        479  ns_enable=  1  
[2024/04/25 09:24:05 748] lgi        491  prot_ver=1  
[2024/04/25 09:24:05 763] lgi        502  prot_type=tcp  
[2024/04/25 09:24:05 815] lgi        653  SYS_MSG_UNLOAD  go bg!  
[2024/04/25 09:24:26 438] lgi        657  SYS_MSG_SHUTDOWN  
============================================================
Time  2024/04/25 09:25:17 460 
============================================================
[2024/04/25 09:25:17 463] lgi        644  SYS_MSG_LOAD  
[2024/04/25 09:25:17 524] lgi        666  SYS_MSG_REGCB  msp_status_cb  func(80048b20) 
[2024/04/25 09:25:17 594] lgi        292  LGI_MSG_INIT  
[2024/04/25 09:25:17 608] lgi        299  lgi  lgi_  268436457  1643073987  
[2024/04/25 09:25:17 644] lgi        332  lgi params:  appid = f6760c2e, work_dir = .  
[2024/04/25 09:25:17 655] lgi        346  auth_time_str=  2024/04/25 09:25:17  
[2024/04/25 09:25:17 663] lgi        352  auth_appid=  f6760c2e  
[2024/04/25 09:25:17 685] lgi        363  token:  nil  
[2024/04/25 09:25:17 699] lgi        436  msc cver : 5.0.38.1195  
[2024/04/25 09:25:17 712] lgi        479  ns_enable=  1  
[2024/04/25 09:25:17 723] lgi        491  prot_ver=1  
[2024/04/25 09:25:17 734] lgi        502  prot_type=tcp  
[2024/04/25 09:25:17 775] lgi        653  SYS_MSG_UNLOAD  go bg!  
[2024/04/25 09:25:44 806] lgi        657  SYS_MSG_SHUTDOWN  
============================================================
Time  2024/04/25 09:27:22 448 
============================================================
[2024/04/25 09:27:22 451] lgi        644  SYS_MSG_LOAD  
[2024/04/25 09:27:22 515] lgi        666  SYS_MSG_REGCB  msp_status_cb  func(6c047250) 
[2024/04/25 09:27:22 618] lgi        292  LGI_MSG_INIT  
[2024/04/25 09:27:22 636] lgi        299  lgi  lgi_  268436457  1643073987  
[2024/04/25 09:27:22 669] lgi        332  lgi params:  appid = f6760c2e, work_dir = .  
[2024/04/25 09:27:22 680] lgi        346  auth_time_str=  2024/04/25 09:27:22  
[2024/04/25 09:27:22 689] lgi        352  auth_appid=  f6760c2e  
[2024/04/25 09:27:22 698] lgi        363  token:  nil  
[2024/04/25 09:27:22 707] lgi        436  msc cver : 5.0.38.1195  
[2024/04/25 09:27:22 718] lgi        479  ns_enable=  1  
[2024/04/25 09:27:22 727] lgi        491  prot_ver=1  
[2024/04/25 09:27:22 736] lgi        502  prot_type=tcp  
[2024/04/25 09:27:22 768] lgi        653  SYS_MSG_UNLOAD  go bg!  
[2024/04/25 09:27:42 363] lgi        657  SYS_MSG_SHUTDOWN  
============================================================
Time  2024/04/25 09:27:49 474 
============================================================
[2024/04/25 09:27:49 477] lgi        644  SYS_MSG_LOAD  
[2024/04/25 09:27:49 574] lgi        666  SYS_MSG_REGCB  msp_status_cb  func(78048810) 
[2024/04/25 09:27:49 618] lgi        292  LGI_MSG_INIT  
[2024/04/25 09:27:49 628] lgi        299  lgi  lgi_  268436457  1643073987  
[2024/04/25 09:27:49 648] lgi        332  lgi params:  appid = f6760c2e, work_dir = .  
[2024/04/25 09:27:49 657] lgi        346  auth_time_str=  2024/04/25 09:27:49  
[2024/04/25 09:27:49 665] lgi        352  auth_appid=  f6760c2e  
[2024/04/25 09:27:49 678] lgi        363  token:  nil  
[2024/04/25 09:27:49 686] lgi        436  msc cver : 5.0.38.1195  
[2024/04/25 09:27:49 697] lgi        479  ns_enable=  1  
[2024/04/25 09:27:49 712] lgi        491  prot_ver=1  
[2024/04/25 09:27:49 727] lgi        502  prot_type=tcp  
[2024/04/25 09:27:49 767] lgi        653  SYS_MSG_UNLOAD  go bg!  
[2024/04/25 09:28:07 512] lgi        657  SYS_MSG_SHUTDOWN  
============================================================
Time  2024/04/25 09:33:13 430 
============================================================
[2024/04/25 09:33:13 433] lgi        644  SYS_MSG_LOAD  
[2024/04/25 09:33:13 496] lgi        666  SYS_MSG_REGCB  msp_status_cb  func(78013890) 
[2024/04/25 09:33:13 535] lgi        292  LGI_MSG_INIT  
[2024/04/25 09:33:13 552] lgi        299  lgi  lgi_  268436457  1643073987  
[2024/04/25 09:33:13 608] lgi        332  lgi params:  appid = f6760c2e, work_dir = .  
[2024/04/25 09:33:13 618] lgi        346  auth_time_str=  2024/04/25 09:33:13  
[2024/04/25 09:33:13 632] lgi        352  auth_appid=  f6760c2e  
[2024/04/25 09:33:13 640] lgi        363  token:  nil  
[2024/04/25 09:33:13 661] lgi        436  msc cver : 5.0.38.1195  
[2024/04/25 09:33:13 684] lgi        479  ns_enable=  1  
[2024/04/25 09:33:13 698] lgi        491  prot_ver=1  
[2024/04/25 09:33:13 706] lgi        502  prot_type=tcp  
[2024/04/25 09:33:13 754] lgi        653  SYS_MSG_UNLOAD  go bg!  
[2024/04/25 09:33:33 704] lgi        657  SYS_MSG_SHUTDOWN  
============================================================
Time  2024/04/25 09:37:59 878 
============================================================
[2024/04/25 09:37:59 881] lgi        644  SYS_MSG_LOAD  
[2024/04/25 09:37:59 968] lgi        666  SYS_MSG_REGCB  msp_status_cb  func(60013890) 
[2024/04/25 09:38:00 030] lgi        292  LGI_MSG_INIT  
[2024/04/25 09:38:00 042] lgi        299  lgi  lgi_  268436457  1643073987  
[2024/04/25 09:38:00 061] lgi        332  lgi params:  appid = f6760c2e, work_dir = .  
[2024/04/25 09:38:00 071] lgi        346  auth_time_str=  2024/04/25 09:37:59  
[2024/04/25 09:38:00 081] lgi        352  auth_appid=  f6760c2e  
[2024/04/25 09:38:00 091] lgi        363  token:  nil  
[2024/04/25 09:38:00 103] lgi        436  msc cver : 5.0.38.1195  
[2024/04/25 09:38:00 116] lgi        479  ns_enable=  1  
[2024/04/25 09:38:00 131] lgi        491  prot_ver=1  
[2024/04/25 09:38:00 148] lgi        502  prot_type=tcp  
[2024/04/25 09:38:00 196] lgi        653  SYS_MSG_UNLOAD  go bg!  
[2024/04/25 09:38:22 823] lgi        657  SYS_MSG_SHUTDOWN  
============================================================
Time  2024/04/25 09:43:53 583 
============================================================
[2024/04/25 09:43:53 586] lgi        644  SYS_MSG_LOAD  
[2024/04/25 09:43:53 643] lgi        666  SYS_MSG_REGCB  msp_status_cb  func(7000be80) 
[2024/04/25 09:43:53 688] lgi        292  LGI_MSG_INIT  
[2024/04/25 09:43:53 697] lgi        299  lgi  lgi_  268436457  1643073987  
[2024/04/25 09:43:53 722] lgi        332  lgi params:  appid = f6760c2e, work_dir = .  
[2024/04/25 09:43:53 734] lgi        346  auth_time_str=  2024/04/25 09:43:53  
[2024/04/25 09:43:53 747] lgi        352  auth_appid=  f6760c2e  
[2024/04/25 09:43:53 776] lgi        363  token:  nil  
[2024/04/25 09:43:53 791] lgi        436  msc cver : 5.0.38.1195  
[2024/04/25 09:43:53 804] lgi        479  ns_enable=  1  
[2024/04/25 09:43:53 823] lgi        491  prot_ver=1  
[2024/04/25 09:43:53 835] lgi        502  prot_type=tcp  
[2024/04/25 09:43:53 932] lgi        653  SYS_MSG_UNLOAD  go bg!  
[2024/04/25 09:44:14 208] lgi        657  SYS_MSG_SHUTDOWN  
============================================================
Time  2024/04/25 09:51:57 995 
============================================================
[2024/04/25 09:51:57 998] lgi        644  SYS_MSG_LOAD  
[2024/04/25 09:51:58 116] lgi        666  SYS_MSG_REGCB  msp_status_cb  func(58053290) 
[2024/04/25 09:51:58 174] lgi        292  LGI_MSG_INIT  
[2024/04/25 09:51:58 192] lgi        299  lgi  lgi_  268436457  1643073987  
[2024/04/25 09:51:58 226] lgi        332  lgi params:  appid = f6760c2e, work_dir = .  
[2024/04/25 09:51:58 248] lgi        346  auth_time_str=  2024/04/25 09:51:57  
[2024/04/25 09:51:58 267] lgi        352  auth_appid=  f6760c2e  
[2024/04/25 09:51:58 282] lgi        363  token:  nil  
[2024/04/25 09:51:58 316] lgi        436  msc cver : 5.0.38.1195  
[2024/04/25 09:51:58 335] lgi        479  ns_enable=  1  
[2024/04/25 09:51:58 360] lgi        491  prot_ver=1  
[2024/04/25 09:51:58 381] lgi        502  prot_type=tcp  
[2024/04/25 09:51:58 430] lgi        653  SYS_MSG_UNLOAD  go bg!  
[2024/04/25 09:52:16 952] lgi        657  SYS_MSG_SHUTDOWN  
============================================================
Time  2024/04/25 09:52:19 484 
============================================================
[2024/04/25 09:52:19 488] lgi        644  SYS_MSG_LOAD  
[2024/04/25 09:52:19 570] lgi        666  SYS_MSG_REGCB  msp_status_cb  func(6c029e80) 
[2024/04/25 09:52:19 619] lgi        292  LGI_MSG_INIT  
[2024/04/25 09:52:19 634] lgi        299  lgi  lgi_  268436457  1643073987  
[2024/04/25 09:52:19 673] lgi        332  lgi params:  appid = f6760c2e, work_dir = .  
[2024/04/25 09:52:19 692] lgi        346  auth_time_str=  2024/04/25 09:52:19  
[2024/04/25 09:52:19 721] lgi        352  auth_appid=  f6760c2e  
[2024/04/25 09:52:19 735] lgi        363  token:  nil  
[2024/04/25 09:52:19 756] lgi        436  msc cver : 5.0.38.1195  
[2024/04/25 09:52:19 773] lgi        479  ns_enable=  1  
[2024/04/25 09:52:19 785] lgi        491  prot_ver=1  
[2024/04/25 09:52:19 802] lgi        502  prot_type=tcp  
[2024/04/25 09:52:19 872] lgi        653  SYS_MSG_UNLOAD  go bg!  
============================================================
Time  2024/04/25 09:53:22 270 
============================================================
[2024/04/25 09:53:22 273] lgi        644  SYS_MSG_LOAD  
[2024/04/25 09:53:22 367] lgi        666  SYS_MSG_REGCB  msp_status_cb  func(600532c0) 
[2024/04/25 09:53:22 412] lgi        292  LGI_MSG_INIT  
[2024/04/25 09:53:22 422] lgi        299  lgi  lgi_  268436457  1643073987  
[2024/04/25 09:53:22 445] lgi        332  lgi params:  appid = f6760c2e, work_dir = .  
[2024/04/25 09:53:22 456] lgi        346  auth_time_str=  2024/04/25 09:53:22  
[2024/04/25 09:53:22 466] lgi        352  auth_appid=  f6760c2e  
[2024/04/25 09:53:22 476] lgi        363  token:  nil  
[2024/04/25 09:53:22 484] lgi        436  msc cver : 5.0.38.1195  
[2024/04/25 09:53:22 495] lgi        479  ns_enable=  1  
[2024/04/25 09:53:22 504] lgi        491  prot_ver=1  
[2024/04/25 09:53:22 513] lgi        502  prot_type=tcp  
[2024/04/25 09:53:22 553] lgi        653  SYS_MSG_UNLOAD  go bg!  
[2024/04/25 09:53:44 226] lgi        657  SYS_MSG_SHUTDOWN  
============================================================
Time  2024/04/25 10:02:19 608 
============================================================
[2024/04/25 10:02:19 611] lgi        644  SYS_MSG_LOAD  
[2024/04/25 10:02:19 724] lgi        666  SYS_MSG_REGCB  msp_status_cb  func(740532c0) 
[2024/04/25 10:02:19 791] lgi        292  LGI_MSG_INIT  
[2024/04/25 10:02:19 805] lgi        299  lgi  lgi_  268436457  1643073987  
[2024/04/25 10:02:19 834] lgi        332  lgi params:  appid = f6760c2e, work_dir = .  
[2024/04/25 10:02:19 844] lgi        346  auth_time_str=  2024/04/25 10:02:19  
[2024/04/25 10:02:19 854] lgi        352  auth_appid=  f6760c2e  
[2024/04/25 10:02:19 864] lgi        363  token:  nil  
[2024/04/25 10:02:19 876] lgi        436  msc cver : 5.0.38.1195  
[2024/04/25 10:02:19 892] lgi        479  ns_enable=  1  
[2024/04/25 10:02:19 915] lgi        491  prot_ver=1  
[2024/04/25 10:02:19 926] lgi        502  prot_type=tcp  
[2024/04/25 10:02:19 966] lgi        653  SYS_MSG_UNLOAD  go bg!  
[2024/04/25 10:02:53 102] lgi        657  SYS_MSG_SHUTDOWN  
============================================================
Time  2024/04/25 10:04:58 948 
============================================================
[2024/04/25 10:04:58 952] lgi        644  SYS_MSG_LOAD  
[2024/04/25 10:04:59 014] lgi        666  SYS_MSG_REGCB  msp_status_cb  func(4c0532c0) 
[2024/04/25 10:04:59 087] lgi        292  LGI_MSG_INIT  
[2024/04/25 10:04:59 109] lgi        299  lgi  lgi_  268436457  1643073987  
[2024/04/25 10:04:59 140] lgi        332  lgi params:  appid = f6760c2e, work_dir = .  
[2024/04/25 10:04:59 156] lgi        346  auth_time_str=  2024/04/25 10:04:58  
[2024/04/25 10:04:59 172] lgi        352  auth_appid=  f6760c2e  
[2024/04/25 10:04:59 186] lgi        363  token:  nil  
[2024/04/25 10:04:59 202] lgi        436  msc cver : 5.0.38.1195  
[2024/04/25 10:04:59 218] lgi        479  ns_enable=  1  
[2024/04/25 10:04:59 232] lgi        491  prot_ver=1  
[2024/04/25 10:04:59 244] lgi        502  prot_type=tcp  
[2024/04/25 10:04:59 293] lgi        653  SYS_MSG_UNLOAD  go bg!  
[2024/04/25 10:05:03 839] lgi        657  SYS_MSG_SHUTDOWN  
============================================================
Time  2024/04/25 10:09:50 313 
============================================================
[2024/04/25 10:09:50 316] lgi        644  SYS_MSG_LOAD  
[2024/04/25 10:09:50 375] lgi        666  SYS_MSG_REGCB  msp_status_cb  func(ec013ae0) 
[2024/04/25 10:09:50 434] lgi        657  SYS_MSG_SHUTDOWN  
============================================================
Time  2024/04/25 10:11:54 840 
============================================================
[2024/04/25 10:11:54 844] lgi        644  SYS_MSG_LOAD  
[2024/04/25 10:11:54 911] lgi        666  SYS_MSG_REGCB  msp_status_cb  func(680532c0) 
[2024/04/25 10:11:54 958] lgi        292  LGI_MSG_INIT  
[2024/04/25 10:11:54 967] lgi        299  lgi  lgi_  268436457  1643073987  
[2024/04/25 10:11:54 991] lgi        332  lgi params:  appid = f6760c2e, work_dir = .  
[2024/04/25 10:11:55 001] lgi        346  auth_time_str=  2024/04/25 10:11:54  
[2024/04/25 10:11:55 014] lgi        352  auth_appid=  f6760c2e  
[2024/04/25 10:11:55 027] lgi        363  token:  nil  
[2024/04/25 10:11:55 041] lgi        436  msc cver : 5.0.38.1195  
[2024/04/25 10:11:55 052] lgi        479  ns_enable=  1  
[2024/04/25 10:11:55 071] lgi        491  prot_ver=1  
[2024/04/25 10:11:55 092] lgi        502  prot_type=tcp  
[2024/04/25 10:11:55 144] lgi        653  SYS_MSG_UNLOAD  go bg!  
[2024/04/25 10:12:32 515] lgi        657  SYS_MSG_SHUTDOWN  
============================================================
Time  2024/04/25 15:47:47 293 
============================================================
[2024/04/25 15:47:47 297] lgi        644  SYS_MSG_LOAD  
[2024/04/25 15:47:47 393] lgi        666  SYS_MSG_REGCB  msp_status_cb  func(74053290) 
[2024/04/25 15:47:47 467] lgi        292  LGI_MSG_INIT  
[2024/04/25 15:47:47 479] lgi        299  lgi  lgi_  268436457  1643073987  
[2024/04/25 15:47:47 505] lgi        332  lgi params:  appid = f6760c2e, work_dir = .  
[2024/04/25 15:47:47 522] lgi        346  auth_time_str=  2024/04/25 15:47:47  
[2024/04/25 15:47:47 531] lgi        352  auth_appid=  f6760c2e  
[2024/04/25 15:47:47 549] lgi        363  token:  nil  
[2024/04/25 15:47:47 561] lgi        436  msc cver : 5.0.38.1195  
[2024/04/25 15:47:47 578] lgi        479  ns_enable=  1  
[2024/04/25 15:47:47 584] lgi        491  prot_ver=1  
[2024/04/25 15:47:47 589] lgi        502  prot_type=tcp  
[2024/04/25 15:47:47 647] lgi        653  SYS_MSG_UNLOAD  go bg!  
[2024/04/25 15:48:08 526] lgi        657  SYS_MSG_SHUTDOWN  
